#
# There is insufficient memory for the Java Runtime Environment to continue.
# Native memory allocation (mmap) failed to map 125829120 bytes for G1 virtual space
# Possible reasons:
#   The system is out of physical RAM or swap space
#   The process is running with CompressedOops enabled, and the Java Heap may be blocking the growth of the native heap
# Possible solutions:
#   Reduce memory load on the system
#   Increase physical memory or swap space
#   Check if swap backing store is full
#   Decrease Java heap size (-Xmx/-Xms)
#   Decrease number of Java threads
#   Decrease Java thread stack sizes (-Xss)
#   Set larger code cache with -XX:ReservedCodeCacheSize=
#   JVM is running with Unscaled Compressed Oops mode in which the Java heap is
#     placed in the first 4GB address space. The Java Heap base address is the
#     maximum limit for the native heap growth. Please use -XX:HeapBaseMinAddress
#     to set the Java Heap base and to place the Java Heap above 4GB virtual address.
# This output file may be truncated or incomplete.
#
#  Out of Memory Error (os_windows.cpp:3548), pid=3252, tid=39688
#
# JRE version:  (17.0.10+11) (build )
# Java VM: Java HotSpot(TM) 64-Bit Server VM (17.0.10+11-LTS-240, mixed mode, sharing, tiered, compressed oops, compressed class ptrs, g1 gc, windows-amd64)
# No core dump will be written. Minidumps are not enabled by default on client versions of Windows
#

---------------  S U M M A R Y ------------

Command Line: -Dmaven.multiModuleProjectDirectory=C:\Users\21626\Downloads\tp-foyer\tp-foyer -Djansi.passthrough=true -Dmaven.home=C:\Program Files\JetBrains\IntelliJ IDEA 2023.3.2\plugins\maven\lib\maven3 -Dclassworlds.conf=C:\Program Files\JetBrains\IntelliJ IDEA 2023.3.2\plugins\maven\lib\maven3\bin\m2.conf -Dmaven.ext.class.path=C:\Program Files\JetBrains\IntelliJ IDEA 2023.3.2\plugins\maven\lib\maven-event-listener.jar -javaagent:C:\Program Files\JetBrains\IntelliJ IDEA 2023.3.2\lib\idea_rt.jar=62679:C:\Program Files\JetBrains\IntelliJ IDEA 2023.3.2\bin -Dfile.encoding=UTF-8 org.codehaus.classworlds.Launcher -Didea.version=2023.3.2 deploy

Host: AMD Ryzen 5 4600H with Radeon Graphics         , 12 cores, 7G,  Windows 11 , 64 bit Build 22621 (10.0.22621.3958)
Time: Thu Oct 24 00:09:56 2024 Afr. centrale Ouest elapsed time: 0.028267 seconds (0d 0h 0m 0s)

---------------  T H R E A D  ---------------

Current thread (0x00000289ff4c7330):  JavaThread "Unknown thread" [_thread_in_vm, id=39688, stack(0x000000becbb00000,0x000000becbc00000)]

Stack: [0x000000becbb00000,0x000000becbc00000]
Native frames: (J=compiled Java code, j=interpreted, Vv=VM code, C=native code)
V  [jvm.dll+0x677a5a]
V  [jvm.dll+0x7d8b2d]
V  [jvm.dll+0x7da48e]
V  [jvm.dll+0x7daaf3]
V  [jvm.dll+0x2455ff]
V  [jvm.dll+0x6749b9]
V  [jvm.dll+0x669382]
V  [jvm.dll+0x302e96]
V  [jvm.dll+0x30a416]
V  [jvm.dll+0x359cbe]
V  [jvm.dll+0x359eef]
V  [jvm.dll+0x2d9e88]
V  [jvm.dll+0x2dadf4]
V  [jvm.dll+0x7aa551]
V  [jvm.dll+0x367911]
V  [jvm.dll+0x789639]
V  [jvm.dll+0x3eb30f]
V  [jvm.dll+0x3ecd91]
C  [jli.dll+0x5297]
C  [ucrtbase.dll+0x29333]
C  [KERNEL32.DLL+0x1257d]
C  [ntdll.dll+0x5af08]


---------------  P R O C E S S  ---------------

Threads class SMR info:
_java_thread_list=0x00007ffd30286a18, length=0, elements={
}

Java Threads: ( => current thread )

Other Threads:
  0x00000289ff51e430 GCTaskThread "GC Thread#0" [stack: 0x000000becbc00000,0x000000becbd00000] [id=44356]
  0x00000289ff52e100 ConcurrentGCThread "G1 Main Marker" [stack: 0x000000becbd00000,0x000000becbe00000] [id=49104]
  0x00000289ff52fb20 ConcurrentGCThread "G1 Conc#0" [stack: 0x000000becbe00000,0x000000becbf00000] [id=38648]

[error occurred during error reporting (printing all threads), id 0xc0000005, EXCEPTION_ACCESS_VIOLATION (0xc0000005) at pc=0x00007ffd2fabaae7]

VM state: not at safepoint (not fully initialized)

VM Mutex/Monitor currently owned by a thread:  ([mutex/lock_event])
[0x00000289ff4c24c0] Heap_lock - owner thread: 0x00000289ff4c7330

Heap address: 0x0000000089400000, size: 1900 MB, Compressed Oops mode: 32-bit

CDS archive(s) mapped at: [0x0000000000000000-0x0000000000000000-0x0000000000000000), size 0, SharedBaseAddress: 0x0000000800000000, ArchiveRelocationMode: 1.
Narrow klass base: 0x0000000000000000, Narrow klass shift: 0, Narrow klass range: 0x0

GC Precious Log:
<Empty>

Heap:
 garbage-first heap   total 0K, used 0K [0x0000000089400000, 0x0000000100000000)
  region size 1024K, 0 young (0K), 0 survivors (0K)

[error occurred during error reporting (printing heap information), id 0xc0000005, EXCEPTION_ACCESS_VIOLATION (0xc0000005) at pc=0x00007ffd2fea1249]

GC Heap History (0 events):
No events

Deoptimization events (0 events):
No events

Classes unloaded (0 events):
No events

Classes redefined (0 events):
No events

Internal exceptions (0 events):
No events

VM Operations (0 events):
No events

Events (1 events):
Event: 0.021 Loaded shared library C:\Program Files\Java\jdk-17\bin\java.dll


Dynamic libraries:
0x00007ff757d30000 - 0x00007ff757d40000 	C:\Program Files\Java\jdk-17\bin\java.exe
0x00007ffd86390000 - 0x00007ffd865a7000 	C:\Windows\SYSTEM32\ntdll.dll
0x00007ffd85410000 - 0x00007ffd854d4000 	C:\Windows\System32\KERNEL32.DLL
0x00007ffd83880000 - 0x00007ffd83c37000 	C:\Windows\System32\KERNELBASE.dll
0x00007ffd83d60000 - 0x00007ffd83e71000 	C:\Windows\System32\ucrtbase.dll
0x00007ffd7f760000 - 0x00007ffd7f779000 	C:\Program Files\Java\jdk-17\bin\jli.dll
0x00007ffd85ab0000 - 0x00007ffd85b62000 	C:\Windows\System32\ADVAPI32.dll
0x00007ffd854f0000 - 0x00007ffd85597000 	C:\Windows\System32\msvcrt.dll
0x00007ffd7f740000 - 0x00007ffd7f75b000 	C:\Program Files\Java\jdk-17\bin\VCRUNTIME140.dll
0x00007ffd841a0000 - 0x00007ffd84248000 	C:\Windows\System32\sechost.dll
0x00007ffd83c40000 - 0x00007ffd83c68000 	C:\Windows\System32\bcrypt.dll
0x00007ffd84c60000 - 0x00007ffd84d74000 	C:\Windows\System32\RPCRT4.dll
0x00007ffd855a0000 - 0x00007ffd8574f000 	C:\Windows\System32\USER32.dll
0x00007ffd83d30000 - 0x00007ffd83d56000 	C:\Windows\System32\win32u.dll
0x00007ffd85e90000 - 0x00007ffd85eb9000 	C:\Windows\System32\GDI32.dll
0x00007ffd83e80000 - 0x00007ffd83f98000 	C:\Windows\System32\gdi32full.dll
0x00007ffd73980000 - 0x00007ffd73c13000 	C:\Windows\WinSxS\amd64_microsoft.windows.common-controls_6595b64144ccf1df_6.0.22621.3672_none_2713b9d173822955\COMCTL32.dll
0x00007ffd83fa0000 - 0x00007ffd8403a000 	C:\Windows\System32\msvcp_win.dll
0x00007ffd7ad00000 - 0x00007ffd7ad0a000 	C:\Windows\SYSTEM32\VERSION.dll
0x00007ffd85e30000 - 0x00007ffd85e61000 	C:\Windows\System32\IMM32.DLL
0x00007ffd7d450000 - 0x00007ffd7d45c000 	C:\Program Files\Java\jdk-17\bin\vcruntime140_1.dll
0x00007ffd70060000 - 0x00007ffd700ee000 	C:\Program Files\Java\jdk-17\bin\msvcp140.dll
0x00007ffd2f7d0000 - 0x00007ffd303af000 	C:\Program Files\Java\jdk-17\bin\server\jvm.dll
0x00007ffd85200000 - 0x00007ffd85208000 	C:\Windows\System32\PSAPI.DLL
0x00007ffd7e000000 - 0x00007ffd7e034000 	C:\Windows\SYSTEM32\WINMM.dll
0x00007ffd5f5d0000 - 0x00007ffd5f5d9000 	C:\Windows\SYSTEM32\WSOCK32.dll
0x00007ffd84120000 - 0x00007ffd84191000 	C:\Windows\System32\WS2_32.dll
0x00007ffd826c0000 - 0x00007ffd826d8000 	C:\Windows\SYSTEM32\kernel.appcore.dll
0x00007ffd7b670000 - 0x00007ffd7b67a000 	C:\Program Files\Java\jdk-17\bin\jimage.dll
0x00007ffd79ff0000 - 0x00007ffd7a222000 	C:\Windows\SYSTEM32\DBGHELP.DLL
0x00007ffd85fc0000 - 0x00007ffd8634e000 	C:\Windows\System32\combase.dll
0x00007ffd85b70000 - 0x00007ffd85c47000 	C:\Windows\System32\OLEAUT32.dll
0x00007ffd76060000 - 0x00007ffd76092000 	C:\Windows\SYSTEM32\dbgcore.DLL
0x00007ffd84040000 - 0x00007ffd840bb000 	C:\Windows\System32\bcryptPrimitives.dll
0x00007ffd76430000 - 0x00007ffd7643e000 	C:\Program Files\Java\jdk-17\bin\instrument.dll
0x00007ffd734c0000 - 0x00007ffd734e5000 	C:\Program Files\Java\jdk-17\bin\java.dll

dbghelp: loaded successfully - version: 4.0.5 - missing functions: none
symbol engine: initialized successfully - sym options: 0x614 - pdb path: .;C:\Program Files\Java\jdk-17\bin;C:\Windows\SYSTEM32;C:\Windows\WinSxS\amd64_microsoft.windows.common-controls_6595b64144ccf1df_6.0.22621.3672_none_2713b9d173822955;C:\Program Files\Java\jdk-17\bin\server

VM Arguments:
jvm_args: -Dmaven.multiModuleProjectDirectory=C:\Users\21626\Downloads\tp-foyer\tp-foyer -Djansi.passthrough=true -Dmaven.home=C:\Program Files\JetBrains\IntelliJ IDEA 2023.3.2\plugins\maven\lib\maven3 -Dclassworlds.conf=C:\Program Files\JetBrains\IntelliJ IDEA 2023.3.2\plugins\maven\lib\maven3\bin\m2.conf -Dmaven.ext.class.path=C:\Program Files\JetBrains\IntelliJ IDEA 2023.3.2\plugins\maven\lib\maven-event-listener.jar -javaagent:C:\Program Files\JetBrains\IntelliJ IDEA 2023.3.2\lib\idea_rt.jar=62679:C:\Program Files\JetBrains\IntelliJ IDEA 2023.3.2\bin -Dfile.encoding=UTF-8 
java_command: org.codehaus.classworlds.Launcher -Didea.version=2023.3.2 deploy
java_class_path (initial): C:\Program Files\JetBrains\IntelliJ IDEA 2023.3.2\plugins\maven\lib\maven3\boot\plexus-classworlds-2.7.0.jar;C:\Program Files\JetBrains\IntelliJ IDEA 2023.3.2\plugins\maven\lib\maven3\boot\plexus-classworlds.license
Launcher Type: SUN_STANDARD

[Global flags]
     intx CICompilerCount                          = 4                                         {product} {ergonomic}
     uint ConcGCThreads                            = 3                                         {product} {ergonomic}
     uint G1ConcRefinementThreads                  = 10                                        {product} {ergonomic}
   size_t G1HeapRegionSize                         = 1048576                                   {product} {ergonomic}
    uintx GCDrainStackTargetSize                   = 64                                        {product} {ergonomic}
   size_t InitialHeapSize                          = 125829120                                 {product} {ergonomic}
   size_t MarkStackSize                            = 4194304                                   {product} {ergonomic}
   size_t MaxHeapSize                              = 1992294400                                {product} {ergonomic}
   size_t MinHeapDeltaBytes                        = 1048576                                   {product} {ergonomic}
   size_t MinHeapSize                              = 8388608                                   {product} {ergonomic}
    uintx NonNMethodCodeHeapSize                   = 5839372                                {pd product} {ergonomic}
    uintx NonProfiledCodeHeapSize                  = 122909434                              {pd product} {ergonomic}
    uintx ProfiledCodeHeapSize                     = 122909434                              {pd product} {ergonomic}
    uintx ReservedCodeCacheSize                    = 251658240                              {pd product} {ergonomic}
     bool SegmentedCodeCache                       = true                                      {product} {ergonomic}
   size_t SoftMaxHeapSize                          = 1992294400                             {manageable} {ergonomic}
     bool UseCompressedClassPointers               = true                           {product lp64_product} {ergonomic}
     bool UseCompressedOops                        = true                           {product lp64_product} {ergonomic}
     bool UseG1GC                                  = true                                      {product} {ergonomic}
     bool UseLargePagesIndividualAllocation        = false                                  {pd product} {ergonomic}

Logging:
Log output configuration:
 #0: stdout all=warning uptime,level,tags
 #1: stderr all=off uptime,level,tags

Environment Variables:
PATH=C:\Program Files\Common Files\Oracle\Java\javapath;C:\Program Files (x86)\VMware\VMware Workstation\bin\;C:\oraclexe\app\oracle\product\11.2.0\server\bin;C:\Windows\system32;C:\Windows;C:\Windows\System32\Wbem;C:\Windows\System32\WindowsPowerShell\v1.0\;C:\Windows\System32\OpenSSH\;C:\Program Files (x86)\NVIDIA Corporation\PhysX\Common;C:\Program Files\NVIDIA Corporation\NVIDIA NvDLISR;C:\ProgramData\ComposerSetup\bin;C:\Program Files\Git\cmd;C:\xampp\php;C:\Program Files\nodejs\;C:\Users\21626\Downloads\OpenSSL-1.1.1h_win32\OpenSSL-1.1.1h_win32\magma_impl;C:\Program Files\Microsoft SQL Server\150\Tools\Binn\;C:\Program Files\Microsoft SQL Server\Client SDK\ODBC\170\Tools\Binn\;C:\Program Files\Java\jdk-11\bin;C:\Program Files\Java\jdk-17\bin;C:\Program Files (x86)\Microsoft SQL Server\160\Tools\Binn\;C:\Program Files\Microsoft SQL Server\160\Tools\Binn\;C:\Program Files\Microsoft SQL Server\160\DTS\Binn\;C:\Program Files\dotnet\;C:\Program Files\Vagrant\bin;C:\Program Files\Docker\Docker\resources\bin;C:\Program Files (x86)\VMware\VMware Workstation\bin\;C:\oraclexe\app\oracle\product\11.2.0\server\bin;C:\Windows\system32;C:\Windows;C:\Windows\System32\Wbem;C:\Windows\System32\WindowsPowerShell\v1.0\;C:\Windows\System32\OpenSSH\;C:\Program Files (x86)\NVIDIA Corporation\PhysX\Common;C:\Program Files\NVIDIA Corporation\NVIDIA NvDLISR;C:\ProgramData\ComposerSetup\bin;C:\Program Files\Git\cmd;C:\xampp\php;C:\Program Files\nodejs\;C:\Program Files\Docker\Docker\resources\bin;C:\Users\21626\Downloads\OpenSSL-1.1.1h_win32\OpenSSL-1.1.1h_win32\magma_impl;C:\Users\21626\AppData\Local\Programs\Python\Launcher\;C:\Users\21626\scoop\shims;C:\Users\21626\AppData\Local\Microsoft\WindowsApps;C:\Users\21626\AppData\Local\Programs\Microsoft VS Code\bin;C:\xampp\php;C:\Users\21626\AppData\Roaming\Composer\vendor\bin;C:\Users\21626\AppData\Local\GitHubDesktop\bin;C:\Users\21626\AppData\Roaming\npm;<C:\Users\21626\AppData\Local\Microsoft\WindowsApps\python3.exe>;C:\Users\21626\.ipy
USERNAME=21626
OS=Windows_NT
PROCESSOR_IDENTIFIER=AMD64 Family 23 Model 96 Stepping 1, AuthenticAMD



---------------  S Y S T E M  ---------------

OS:
 Windows 11 , 64 bit Build 22621 (10.0.22621.3958)
OS uptime: 2 days 2:17 hours
Hyper-V role detected

CPU: total 12 (initial active 12) (12 cores per cpu, 2 threads per core) family 23 model 96 stepping 1 microcode 0x0, cx8, cmov, fxsr, ht, mmx, 3dnowpref, sse, sse2, sse3, ssse3, sse4a, sse4.1, sse4.2, popcnt, lzcnt, tsc, tscinvbit, avx, avx2, aes, clmul, bmi1, bmi2, adx, sha, fma, vzeroupper, clflush, clflushopt, hv

Memory: 4k page, system-wide physical 7597M (549M free)
TotalPageFile size 31149M (AvailPageFile size 43M)
current process WorkingSet (physical memory assigned to process): 11M, peak: 11M
current process commit charge ("private bytes"): 64M, peak: 184M

vm_info: Java HotSpot(TM) 64-Bit Server VM (17.0.10+11-LTS-240) for windows-amd64 JRE (17.0.10+11-LTS-240), built on Dec 19 2023 21:47:25 by "mach5one" with MS VC++ 17.1 (VS2022)

END.
